c:\users\dmn\github\opensourcelogger\opensourcelogger\x64\release\vc143.pdb
c:\users\dmn\github\opensourcelogger\opensourcelogger\x64\release\saej1939dialog.obj
c:\users\dmn\github\opensourcelogger\opensourcelogger\x64\release\databasehandler.obj
c:\users\dmn\github\opensourcelogger\opensourcelogger\x64\release\viewmeasurementsfromdatabasedialog.obj
c:\users\dmn\github\opensourcelogger\opensourcelogger\x64\release\uploadmeasurementtodatabasedialog.obj
c:\users\dmn\github\opensourcelogger\opensourcelogger\x64\release\connectdialog.obj
c:\users\dmn\github\opensourcelogger\opensourcelogger\x64\release\configurationstm32plcdialog.obj
c:\users\dmn\github\opensourcelogger\opensourcelogger\x64\release\windows.obj
c:\users\dmn\github\opensourcelogger\opensourcelogger\x64\release\filedialog.obj
c:\users\dmn\github\opensourcelogger\opensourcelogger\x64\release\collectmeasurementsdialog.obj
c:\users\dmn\github\opensourcelogger\opensourcelogger\x64\release\calibrationdialog.obj
c:\users\dmn\github\opensourcelogger\opensourcelogger\x64\release\opensourceloggerprotocol.obj
c:\users\dmn\github\opensourcelogger\opensourcelogger\x64\release\opensourcelogger.obj
c:\users\dmn\github\opensourcelogger\opensourcelogger\x64\release\usbhandler.obj
c:\users\dmn\github\opensourcelogger\opensourcelogger\x64\release\timeconverter.obj
c:\users\dmn\github\opensourcelogger\opensourcelogger\x64\release\dm15.obj
c:\users\dmn\github\opensourcelogger\opensourcelogger\x64\release\dm14.obj
c:\users\dmn\github\opensourcelogger\opensourcelogger\x64\release\dm1.obj
c:\users\dmn\github\opensourcelogger\opensourcelogger\x64\release\request_software_identification.obj
c:\users\dmn\github\opensourcelogger\opensourcelogger\x64\release\request_ecu_identification.obj
c:\users\dmn\github\opensourcelogger\opensourcelogger\x64\release\request_component_identification.obj
c:\users\dmn\github\opensourcelogger\opensourcelogger\x64\release\transport_protocol_data_transfer.obj
c:\users\dmn\github\opensourcelogger\opensourcelogger\x64\release\transport_protocol_connection_management.obj
c:\users\dmn\github\opensourcelogger\opensourcelogger\x64\release\request.obj
c:\users\dmn\github\opensourcelogger\opensourcelogger\x64\release\acknowledgement.obj
c:\users\dmn\github\opensourcelogger\opensourcelogger\x64\release\startup_ecu.obj
c:\users\dmn\github\opensourcelogger\opensourcelogger\x64\release\listen_for_messages.obj
c:\users\dmn\github\opensourcelogger\opensourcelogger\x64\release\general_purpose_valve_estimated_flow.obj
c:\users\dmn\github\opensourcelogger\opensourcelogger\x64\release\general_purpose_valve_command.obj
c:\users\dmn\github\opensourcelogger\opensourcelogger\x64\release\auxiliary_valve_measured_position.obj
c:\users\dmn\github\opensourcelogger\opensourcelogger\x64\release\auxiliary_valve_estimated_flow.obj
c:\users\dmn\github\opensourcelogger\opensourcelogger\x64\release\auxiliary_valve_command.obj
c:\users\dmn\github\opensourcelogger\opensourcelogger\x64\release\save_load_struct.obj
c:\users\dmn\github\opensourcelogger\opensourcelogger\x64\release\flash_eeprom_ram_memory.obj
c:\users\dmn\github\opensourcelogger\opensourcelogger\x64\release\can_transmit_receive.obj
c:\users\dmn\github\opensourcelogger\opensourcelogger\x64\release\commanded_address.obj
c:\users\dmn\github\opensourcelogger\opensourcelogger\x64\release\address_not_claimed.obj
c:\users\dmn\github\opensourcelogger\opensourcelogger\x64\release\address_delete.obj
c:\users\dmn\github\opensourcelogger\opensourcelogger\x64\release\address_claimed.obj
c:\users\dmn\github\opensourcelogger\opensourcelogger\x64\release\dm3.obj
c:\users\dmn\github\opensourcelogger\opensourcelogger\x64\release\dm2.obj
c:\users\dmn\github\opensourcelogger\opensourcelogger\x64\release\dm16.obj
c:\users\dmn\github\opensourcelogger\opensourcelogger\x64\release\pinmapofstm32plcdialog.obj
c:\users\dmn\github\opensourcelogger\x64\release\opensourcelogger.exe
c:\users\dmn\github\opensourcelogger\x64\release\opensourcelogger.pdb
c:\users\dmn\github\opensourcelogger\opensourcelogger\x64\release\opensourcelogger.iobj
c:\users\dmn\github\opensourcelogger\x64\release\glfw3.dll
c:\users\dmn\github\opensourcelogger\x64\release\mysqlcppconn8-2-vs14.dll
c:\users\dmn\github\opensourcelogger\x64\release\libssl-3-x64.dll
c:\users\dmn\github\opensourcelogger\x64\release\libcrypto-3-x64.dll
c:\users\dmn\github\opensourcelogger\x64\release\freetype.dll
c:\users\dmn\github\opensourcelogger\x64\release\zlib1.dll
c:\users\dmn\github\opensourcelogger\x64\release\bz2.dll
c:\users\dmn\github\opensourcelogger\x64\release\libpng16.dll
c:\users\dmn\github\opensourcelogger\x64\release\brotlidec.dll
c:\users\dmn\github\opensourcelogger\x64\release\brotlicommon.dll
c:\users\dmn\github\opensourcelogger\opensourcelogger\x64\release\opensourcelogger.ipdb
c:\users\dmn\github\opensourcelogger\opensourcelogger\x64\release\opensourcelogger.tlog\cl.command.1.tlog
c:\users\dmn\github\opensourcelogger\opensourcelogger\x64\release\opensourcelogger.tlog\cl.read.1.tlog
c:\users\dmn\github\opensourcelogger\opensourcelogger\x64\release\opensourcelogger.tlog\cl.write.1.tlog
c:\users\dmn\github\opensourcelogger\opensourcelogger\x64\release\opensourcelogger.tlog\link.command.1.tlog
c:\users\dmn\github\opensourcelogger\opensourcelogger\x64\release\opensourcelogger.tlog\link.read.1.tlog
c:\users\dmn\github\opensourcelogger\opensourcelogger\x64\release\opensourcelogger.tlog\link.write.1.tlog
c:\users\dmn\github\opensourcelogger\opensourcelogger\x64\release\opensourcelogger.tlog\opensourcelogger.write.1u.tlog
