c:\users\dmn\github\opensourcelogger\opensourcelogger\x64\debug\vc143.pdb
c:\users\dmn\github\opensourcelogger\opensourcelogger\x64\debug\vc143.idb
c:\users\dmn\github\opensourcelogger\opensourcelogger\x64\debug\windows.obj
c:\users\dmn\github\opensourcelogger\opensourcelogger\x64\debug\uploadmeasurementtodatabasedialog.obj
c:\users\dmn\github\opensourcelogger\opensourcelogger\x64\debug\filedialog.obj
c:\users\dmn\github\opensourcelogger\opensourcelogger\x64\debug\connectdialog.obj
c:\users\dmn\github\opensourcelogger\opensourcelogger\x64\debug\collectmeasurementsdialog.obj
c:\users\dmn\github\opensourcelogger\opensourcelogger\x64\debug\calibrationdialog.obj
c:\users\dmn\github\opensourcelogger\opensourcelogger\x64\debug\opensourceloggerprotocol.obj
c:\users\dmn\github\opensourcelogger\opensourcelogger\x64\debug\opensourcelogger.obj
c:\users\dmn\github\opensourcelogger\opensourcelogger\x64\debug\usbhandler.obj
c:\users\dmn\github\opensourcelogger\opensourcelogger\x64\debug\databasehandler.obj
c:\users\dmn\github\opensourcelogger\opensourcelogger\x64\debug\configurationstm32plcdialog.obj
c:\users\dmn\github\opensourcelogger\opensourcelogger\x64\debug\timeconverter.obj
c:\users\dmn\github\opensourcelogger\opensourcelogger\x64\debug\viewmeasurementsfromdatabasedialog.obj
c:\users\dmn\github\opensourcelogger\opensourcelogger\x64\debug\dm3.obj
c:\users\dmn\github\opensourcelogger\opensourcelogger\x64\debug\dm2.obj
c:\users\dmn\github\opensourcelogger\opensourcelogger\x64\debug\dm16.obj
c:\users\dmn\github\opensourcelogger\opensourcelogger\x64\debug\dm15.obj
c:\users\dmn\github\opensourcelogger\opensourcelogger\x64\debug\dm14.obj
c:\users\dmn\github\opensourcelogger\opensourcelogger\x64\debug\dm1.obj
c:\users\dmn\github\opensourcelogger\opensourcelogger\x64\debug\request_software_identification.obj
c:\users\dmn\github\opensourcelogger\opensourcelogger\x64\debug\request_ecu_identification.obj
c:\users\dmn\github\opensourcelogger\opensourcelogger\x64\debug\request_component_identification.obj
c:\users\dmn\github\opensourcelogger\opensourcelogger\x64\debug\transport_protocol_data_transfer.obj
c:\users\dmn\github\opensourcelogger\opensourcelogger\x64\debug\transport_protocol_connection_management.obj
c:\users\dmn\github\opensourcelogger\opensourcelogger\x64\debug\request.obj
c:\users\dmn\github\opensourcelogger\opensourcelogger\x64\debug\acknowledgement.obj
c:\users\dmn\github\opensourcelogger\opensourcelogger\x64\debug\startup_ecu.obj
c:\users\dmn\github\opensourcelogger\opensourcelogger\x64\debug\listen_for_messages.obj
c:\users\dmn\github\opensourcelogger\opensourcelogger\x64\debug\general_purpose_valve_estimated_flow.obj
c:\users\dmn\github\opensourcelogger\opensourcelogger\x64\debug\general_purpose_valve_command.obj
c:\users\dmn\github\opensourcelogger\opensourcelogger\x64\debug\auxiliary_valve_measured_position.obj
c:\users\dmn\github\opensourcelogger\opensourcelogger\x64\debug\auxiliary_valve_estimated_flow.obj
c:\users\dmn\github\opensourcelogger\opensourcelogger\x64\debug\auxiliary_valve_command.obj
c:\users\dmn\github\opensourcelogger\opensourcelogger\x64\debug\commanded_address.obj
c:\users\dmn\github\opensourcelogger\opensourcelogger\x64\debug\address_not_claimed.obj
c:\users\dmn\github\opensourcelogger\opensourcelogger\x64\debug\address_delete.obj
c:\users\dmn\github\opensourcelogger\opensourcelogger\x64\debug\address_claimed.obj
c:\users\dmn\github\opensourcelogger\opensourcelogger\x64\debug\saej1939dialog.obj
c:\users\dmn\github\opensourcelogger\opensourcelogger\x64\debug\save_load_struct.obj
c:\users\dmn\github\opensourcelogger\opensourcelogger\x64\debug\flash_eeprom_ram_memory.obj
c:\users\dmn\github\opensourcelogger\opensourcelogger\x64\debug\can_transmit_receive.obj
c:\users\dmn\github\opensourcelogger\opensourcelogger\x64\debug\pinmapofstm32plcdialog.obj
c:\users\dmn\github\opensourcelogger\x64\debug\opensourcelogger.exe
c:\users\dmn\github\opensourcelogger\opensourcelogger\x64\debug\opensourcelogger.ilk
c:\users\dmn\github\opensourcelogger\x64\debug\opensourcelogger.pdb
c:\users\dmn\github\opensourcelogger\x64\debug\glfw3.dll
c:\users\dmn\github\opensourcelogger\x64\debug\mysqlcppconn8-2-vs14.dll
c:\users\dmn\github\opensourcelogger\x64\debug\libssl-3-x64.dll
c:\users\dmn\github\opensourcelogger\x64\debug\libcrypto-3-x64.dll
c:\users\dmn\github\opensourcelogger\x64\debug\freetyped.dll
c:\users\dmn\github\opensourcelogger\x64\debug\zlibd1.dll
c:\users\dmn\github\opensourcelogger\x64\debug\bz2d.dll
c:\users\dmn\github\opensourcelogger\x64\debug\libpng16d.dll
c:\users\dmn\github\opensourcelogger\x64\debug\brotlidec.dll
c:\users\dmn\github\opensourcelogger\x64\debug\brotlicommon.dll
c:\users\dmn\github\opensourcelogger\opensourcelogger\x64\debug\viewmeasurementsfromdatabasedialog.obj.enc
c:\users\dmn\github\opensourcelogger\opensourcelogger\x64\debug\opensourcelogger.tlog\cl.command.1.tlog
c:\users\dmn\github\opensourcelogger\opensourcelogger\x64\debug\opensourcelogger.tlog\cl.read.1.tlog
c:\users\dmn\github\opensourcelogger\opensourcelogger\x64\debug\opensourcelogger.tlog\cl.write.1.tlog
c:\users\dmn\github\opensourcelogger\opensourcelogger\x64\debug\opensourcelogger.tlog\link.command.1.tlog
c:\users\dmn\github\opensourcelogger\opensourcelogger\x64\debug\opensourcelogger.tlog\link.read.1.tlog
c:\users\dmn\github\opensourcelogger\opensourcelogger\x64\debug\opensourcelogger.tlog\link.write.1.tlog
c:\users\dmn\github\opensourcelogger\opensourcelogger\x64\debug\opensourcelogger.tlog\opensourcelogger.write.1u.tlog
